Reading netlist file: "C:\Users\bjkli\OneDrive\Belgeler\GOWIN_PROJECTS\traffic_lighting_system\impl\gwsynthesis\traffic_lighting_system.vg"
Parsing netlist file "C:\Users\bjkli\OneDrive\Belgeler\GOWIN_PROJECTS\traffic_lighting_system\impl\gwsynthesis\traffic_lighting_system.vg" completed
Processing netlist completed
Reading constraint file: "C:\Users\bjkli\OneDrive\Belgeler\GOWIN_PROJECTS\traffic_lighting_system\src\traffic_lighting_system.cst"
Physical Constraint parsed completed
Running placement......
[10%] Placement Phase 0 completed
[20%] Placement Phase 1 completed
[30%] Placement Phase 2 completed
[50%] Placement Phase 3 completed
Running routing......
[60%] Routing Phase 0 completed
[70%] Routing Phase 1 completed
[80%] Routing Phase 2 completed
[90%] Routing Phase 3 completed
Running timing analysis......
[95%] Timing analysis completed
Placement and routing completed
Bitstream generation in progress......
Bitstream generation completed
Running power analysis......
[100%] Power analysis completed
Generate file "C:\Users\bjkli\OneDrive\Belgeler\GOWIN_PROJECTS\traffic_lighting_system\impl\pnr\traffic_lighting_system.power.html" completed
Generate file "C:\Users\bjkli\OneDrive\Belgeler\GOWIN_PROJECTS\traffic_lighting_system\impl\pnr\traffic_lighting_system.pin.html" completed
Generate file "C:\Users\bjkli\OneDrive\Belgeler\GOWIN_PROJECTS\traffic_lighting_system\impl\pnr\traffic_lighting_system.rpt.html" completed
Generate file "C:\Users\bjkli\OneDrive\Belgeler\GOWIN_PROJECTS\traffic_lighting_system\impl\pnr\traffic_lighting_system.rpt.txt" completed
Generate file "C:\Users\bjkli\OneDrive\Belgeler\GOWIN_PROJECTS\traffic_lighting_system\impl\pnr\traffic_lighting_system.tr.html" completed
Sun Apr 16 20:28:56 2023

